Script started on 2026-06-08 08:10:37-05:00 [COMMAND="/tmp/demo-5875.sh" <not executed on terminal>]
Demo for issue #5875 / parent #743
1) Validate accepted and rejected budget ranges through createJobSchema
valid range accepted: true
inverted range accepted: false
error path: budgetMax
error message: budgetMax must be greater than or equal to budgetMin

2) Run test suite

> test
> npm run test -w apps/api

[1G[0K
> test
> node --test src/tests/*.js

[1G[0Kâś” GET /health returns ok payload (58.397235ms)
âś” createJobSchema accepts a valid budget range (1.884848ms)
âś” createJobSchema rejects an inverted budget range (0.919068ms)
âś” createJobSchema reports a clear budgetMax path and message (0.9022ms)
â„ą tests 4
â„ą suites 0
â„ą pass 4
â„ą fail 0
â„ą cancelled 0
â„ą skipped 0
â„ą todo 0
â„ą duration_ms 363.62076
[1G[0Kâ ™[1G[0K[1G[0Kâ ™[1G[0K
Script done on 2026-06-08 08:10:37-05:00 [COMMAND_EXIT_CODE="0"]
